#
# There is insufficient memory for the Java Runtime Environment to continue.
# Native memory allocation (mmap) failed to map 65536 bytes for Failed to commit metaspace.
# Possible reasons:
#   The system is out of physical RAM or swap space
#   The process is running with CompressedOops enabled, and the Java Heap may be blocking the growth of the native heap
# Possible solutions:
#   Reduce memory load on the system
#   Increase physical memory or swap space
#   Check if swap backing store is full
#   Decrease Java heap size (-Xmx/-Xms)
#   Decrease number of Java threads
#   Decrease Java thread stack sizes (-Xss)
#   Set larger code cache with -XX:ReservedCodeCacheSize=
#   JVM is running with Zero Based Compressed Oops mode in which the Java heap is
#     placed in the first 32GB address space. The Java Heap base address is the
#     maximum limit for the native heap growth. Please use -XX:HeapBaseMinAddress
#     to set the Java Heap base and to place the Java Heap above 32GB virtual address.
# This output file may be truncated or incomplete.
#
#  Out of Memory Error (virtualSpaceNode.cpp:110), pid=11164, tid=14892
#
# JRE version: OpenJDK Runtime Environment (17.0.6) (build 17.0.6+0-b2043.56-10027231)
# Java VM: OpenJDK 64-Bit Server VM (17.0.6+0-b2043.56-10027231, mixed mode, tiered, compressed oops, compressed class ptrs, g1 gc, windows-amd64)
# No core dump will be written. Minidumps are not enabled by default on client versions of Windows
#

---------------  S U M M A R Y ------------

Command Line: --add-opens=java.base/java.util=ALL-UNNAMED --add-opens=java.base/java.lang=ALL-UNNAMED --add-opens=java.base/java.lang.invoke=ALL-UNNAMED --add-opens=java.base/java.util=ALL-UNNAMED --add-opens=java.prefs/java.util.prefs=ALL-UNNAMED --add-opens=java.prefs/java.util.prefs=ALL-UNNAMED --add-opens=java.base/java.nio.charset=ALL-UNNAMED --add-opens=java.base/java.net=ALL-UNNAMED --add-opens=java.base/java.util.concurrent.atomic=ALL-UNNAMED -Xmx4G -Dfile.encoding=windows-1252 -Duser.country=US -Duser.language=en -Duser.variant org.gradle.launcher.daemon.bootstrap.GradleDaemon 7.5

Host: Intel(R) Core(TM) i7-8565U CPU @ 1.80GHz, 8 cores, 7G,  Windows 10 , 64 bit Build 19041 (10.0.19041.3636)
Time: Wed Dec 20 20:14:04 2023 Egypt Standard Time elapsed time: 94.887975 seconds (0d 0h 1m 34s)

---------------  T H R E A D  ---------------

Current thread (0x000002f2598993f0):  JavaThread "C1 CompilerThread0" daemon [_thread_in_vm, id=14892, stack(0x000000fd9bf00000,0x000000fd9c000000)]


Current CompileTask:
C1:  94888 13792       3       org.gradle.execution.plan.TaskNode::visitAllNodesWaitingForThisNode (85 bytes)

Stack: [0x000000fd9bf00000,0x000000fd9c000000]
Native frames: (J=compiled Java code, j=interpreted, Vv=VM code, C=native code)
V  [jvm.dll+0x683c9a]
V  [jvm.dll+0x8427a4]
V  [jvm.dll+0x843f9e]
V  [jvm.dll+0x844603]
V  [jvm.dll+0x249b75]
V  [jvm.dll+0x83e7fb]
V  [jvm.dll+0x628006]
V  [jvm.dll+0x1c194e]
V  [jvm.dll+0x62a941]
V  [jvm.dll+0x6289a6]
V  [jvm.dll+0x639bfa]
V  [jvm.dll+0x632a0a]
V  [jvm.dll+0x1cdb00]
V  [jvm.dll+0x1cdcf0]
V  [jvm.dll+0x147f01]
V  [jvm.dll+0x147d45]
V  [jvm.dll+0x13f58e]
V  [jvm.dll+0x141b45]
V  [jvm.dll+0x13fe24]
V  [jvm.dll+0x139d9f]
V  [jvm.dll+0x1499a6]
V  [jvm.dll+0x135490]
V  [jvm.dll+0x1357f0]
V  [jvm.dll+0x135ab6]
V  [jvm.dll+0x134f4a]
V  [jvm.dll+0x136c11]
V  [jvm.dll+0x22b098]
V  [jvm.dll+0x229159]
V  [jvm.dll+0x7f81ec]
V  [jvm.dll+0x7f274a]
V  [jvm.dll+0x682ad5]
C  [ucrtbase.dll+0x21bb2]
C  [KERNEL32.DLL+0x17344]
C  [ntdll.dll+0x526b1]


---------------  P R O C E S S  ---------------

Threads class SMR info:
_java_thread_list=0x000002f25c2853d0, length=134, elements={
0x000002f23a265940, 0x000002f259826700, 0x000002f259826fc0, 0x000002f2598926e0,
0x000002f2598950b0, 0x000002f259895970, 0x000002f259896230, 0x000002f259898e30,
0x000002f2598993f0, 0x000002f2598af030, 0x000002f259a0f040, 0x000002f259a10960,
0x000002f25bc64070, 0x000002f25b3c79f0, 0x000002f25b043b60, 0x000002f25acc3060,
0x000002f25acc3530, 0x000002f25acc4d40, 0x000002f25acc6a20, 0x000002f25acc6550,
0x000002f25ea0c450, 0x000002f25ea080f0, 0x000002f25ea0bab0, 0x000002f25ea0dc60,
0x000002f25ea09900, 0x000002f25ea0e130, 0x000002f25ea09430, 0x000002f25ea09dd0,
0x000002f260ccd1d0, 0x000002f260ccbe90, 0x000002f260cccd00, 0x000002f260cc9810,
0x000002f260ccb4f0, 0x000002f25fb60c10, 0x000002f25fb60270, 0x000002f25fb64100,
0x000002f25fb65910, 0x000002f25fb66780, 0x000002f25fb5f8d0, 0x000002f25fb65de0,
0x000002f25fb61a80, 0x000002f25fb64aa0, 0x000002f25fb61f50, 0x000002f25fb645d0,
0x000002f25fb615b0, 0x000002f25fb5fda0, 0x000002f25fb62dc0, 0x000002f25fb64f70,
0x000002f25fb662b0, 0x000002f25fb5f400, 0x000002f25fb60740, 0x000002f25fb62420,
0x000002f25fb63290, 0x000002f25fb65440, 0x000002f25acc3a00, 0x000002f25acc3ed0,
0x000002f25acc4870, 0x000002f25acc43a0, 0x000002f25acc5210, 0x000002f25acc5bb0,
0x000002f25acc6080, 0x000002f260ccb9c0, 0x000002f260ccc360, 0x000002f260cc7660,
0x000002f260cc67f0, 0x000002f260cc7b30, 0x000002f25ea085c0, 0x000002f25ea08f60,
0x000002f25ea0b5e0, 0x000002f259a7cf90, 0x000002f259a7c120, 0x000002f259a7e7a0,
0x000002f259a7c5f0, 0x000002f259a7e2d0, 0x000002f259a7a440, 0x000002f259a7cac0,
0x000002f259a7ec70, 0x000002f259a7a910, 0x000002f259a7b2b0, 0x000002f259a7d460,
0x000002f259a7fae0, 0x000002f259a7ffb0, 0x000002f259a80480, 0x000002f259a7f610,
0x000002f259a7b780, 0x000002f259a7d930, 0x000002f259a7ade0, 0x000002f259a7de00,
0x000002f259a80950, 0x000002f259a7f140, 0x000002f259a80e20, 0x000002f259a812f0,
0x000002f259a817c0, 0x000002f259a81c90, 0x000002f259a7bc50, 0x000002f26160a200,
0x000002f26160ea30, 0x000002f26160c3b0, 0x000002f26160a6d0, 0x000002f26160b070,
0x000002f26160bee0, 0x000002f26160e560, 0x000002f26160dbc0, 0x000002f261610710,
0x000002f261610be0, 0x000002f261610240, 0x000002f26160c880, 0x000002f2616110b0,
0x000002f26160cd50, 0x000002f26160aba0, 0x000002f261609860, 0x000002f26160b540,
0x000002f26160ba10, 0x000002f26160d220, 0x000002f26160f3d0, 0x000002f26160f8a0,
0x000002f261609d30, 0x000002f26160d6f0, 0x000002f26160e090, 0x000002f26160ef00,
0x000002f26160fd70, 0x000002f25c6a0560, 0x000002f25c6a2710, 0x000002f25c69e880,
0x000002f25c6a13d0, 0x000002f25c6a0a30, 0x000002f25c69e3b0, 0x000002f25c69cba0,
0x000002f25c69bd30, 0x000002f25c6a18a0, 0x000002f25c6a0090, 0x000002f25c69da10,
0x000002f25c6a0f00, 0x000002f25c69c6d0
}

Java Threads: ( => current thread )
  0x000002f23a265940 JavaThread "main" [_thread_blocked, id=11680, stack(0x000000fd9b100000,0x000000fd9b200000)]
  0x000002f259826700 JavaThread "Reference Handler" daemon [_thread_blocked, id=12364, stack(0x000000fd9b800000,0x000000fd9b900000)]
  0x000002f259826fc0 JavaThread "Finalizer" daemon [_thread_blocked, id=19296, stack(0x000000fd9b900000,0x000000fd9ba00000)]
  0x000002f2598926e0 JavaThread "Signal Dispatcher" daemon [_thread_blocked, id=5348, stack(0x000000fd9ba00000,0x000000fd9bb00000)]
  0x000002f2598950b0 JavaThread "Attach Listener" daemon [_thread_blocked, id=16852, stack(0x000000fd9bb00000,0x000000fd9bc00000)]
  0x000002f259895970 JavaThread "Service Thread" daemon [_thread_blocked, id=14828, stack(0x000000fd9bc00000,0x000000fd9bd00000)]
  0x000002f259896230 JavaThread "Monitor Deflation Thread" daemon [_thread_blocked, id=6884, stack(0x000000fd9bd00000,0x000000fd9be00000)]
  0x000002f259898e30 JavaThread "C2 CompilerThread0" daemon [_thread_in_native, id=3704, stack(0x000000fd9be00000,0x000000fd9bf00000)]
=>0x000002f2598993f0 JavaThread "C1 CompilerThread0" daemon [_thread_in_vm, id=14892, stack(0x000000fd9bf00000,0x000000fd9c000000)]
  0x000002f2598af030 JavaThread "Sweeper thread" daemon [_thread_blocked, id=19108, stack(0x000000fd9c000000,0x000000fd9c100000)]
  0x000002f259a0f040 JavaThread "Common-Cleaner" daemon [_thread_blocked, id=19012, stack(0x000000fd9c100000,0x000000fd9c200000)]
  0x000002f259a10960 JavaThread "Notification Thread" daemon [_thread_blocked, id=15404, stack(0x000000fd9c200000,0x000000fd9c300000)]
  0x000002f25bc64070 JavaThread "Daemon health stats" [_thread_blocked, id=18876, stack(0x000000fd9c900000,0x000000fd9ca00000)]
  0x000002f25b3c79f0 JavaThread "Incoming local TCP Connector on port 62413" [_thread_in_native, id=4572, stack(0x000000fd9ca00000,0x000000fd9cb00000)]
  0x000002f25b043b60 JavaThread "Daemon periodic checks" [_thread_blocked, id=8588, stack(0x000000fd9cb00000,0x000000fd9cc00000)]
  0x000002f25acc3060 JavaThread "Cache worker for journal cache (C:\Users\User\.gradle\caches\journal-1)" [_thread_blocked, id=7420, stack(0x000000fd9d300000,0x000000fd9d400000)]
  0x000002f25acc3530 JavaThread "File lock request listener" [_thread_in_native, id=312, stack(0x000000fd9d400000,0x000000fd9d500000)]
  0x000002f25acc4d40 JavaThread "Cache worker for file hash cache (C:\Users\User\.gradle\caches\7.5\fileHashes)" [_thread_blocked, id=3696, stack(0x000000fd9d800000,0x000000fd9d900000)]
  0x000002f25acc6a20 JavaThread "File watcher server" daemon [_thread_in_native, id=6656, stack(0x000000fd9db00000,0x000000fd9dc00000)]
  0x000002f25acc6550 JavaThread "File watcher consumer" daemon [_thread_blocked, id=18272, stack(0x000000fd9dc00000,0x000000fd9dd00000)]
  0x000002f25ea0c450 JavaThread "Cache worker for file content cache (C:\Users\User\.gradle\caches\7.5\fileContent)" [_thread_blocked, id=16824, stack(0x000000fd9df00000,0x000000fd9e000000)]
  0x000002f25ea080f0 JavaThread "Cache worker for execution history cache (C:\Users\User\.gradle\caches\7.5\executionHistory)" [_thread_blocked, id=17664, stack(0x000000fd9e200000,0x000000fd9e300000)]
  0x000002f25ea0bab0 JavaThread "jar transforms" [_thread_blocked, id=5632, stack(0x000000fd9e300000,0x000000fd9e400000)]
  0x000002f25ea0dc60 JavaThread "Cache worker for kotlin-dsl (C:\Users\User\.gradle\caches\7.5\kotlin-dsl)" [_thread_blocked, id=17772, stack(0x000000fd9e400000,0x000000fd9e500000)]
  0x000002f25ea09900 JavaThread "jar transforms Thread 2" [_thread_blocked, id=18704, stack(0x000000fd9e500000,0x000000fd9e600000)]
  0x000002f25ea0e130 JavaThread "jar transforms Thread 3" [_thread_blocked, id=13628, stack(0x000000fd9e800000,0x000000fd9e900000)]
  0x000002f25ea09430 JavaThread "Memory manager" [_thread_blocked, id=13840, stack(0x000000fd9e900000,0x000000fd9ea00000)]
  0x000002f25ea09dd0 JavaThread "jar transforms Thread 4" [_thread_blocked, id=12440, stack(0x000000fd9ea00000,0x000000fd9eb00000)]
  0x000002f260ccd1d0 JavaThread "jar transforms Thread 5" [_thread_blocked, id=7800, stack(0x000000fda4400000,0x000000fda4500000)]
  0x000002f260ccbe90 JavaThread "jar transforms Thread 6" [_thread_blocked, id=18712, stack(0x000000fda4500000,0x000000fda4600000)]
  0x000002f260cccd00 JavaThread "jar transforms Thread 7" [_thread_blocked, id=7040, stack(0x000000fda4600000,0x000000fda4700000)]
  0x000002f260cc9810 JavaThread "jar transforms Thread 8" [_thread_blocked, id=2816, stack(0x000000fda4700000,0x000000fda4800000)]
  0x000002f260ccb4f0 JavaThread "pool-3-thread-1" [_thread_blocked, id=13848, stack(0x000000fda4900000,0x000000fda4a00000)]
  0x000002f25fb60c10 JavaThread "Daemon Thread 2" [_thread_blocked, id=13316, stack(0x000000fd9ae00000,0x000000fd9af00000)]
  0x000002f25fb60270 JavaThread "Handler for socket connection from /127.0.0.1:62413 to /127.0.0.1:62509" [_thread_in_native, id=12088, stack(0x000000fd9af00000,0x000000fd9b000000)]
  0x000002f25fb64100 JavaThread "Cancel handler" [_thread_blocked, id=18752, stack(0x000000fd9b000000,0x000000fd9b100000)]
  0x000002f25fb65910 JavaThread "Daemon worker Thread 2" [_thread_blocked, id=6284, stack(0x000000fd9cc00000,0x000000fd9cd00000)]
  0x000002f25fb66780 JavaThread "Asynchronous log dispatcher for DefaultDaemonConnection: socket connection from /127.0.0.1:62413 to /127.0.0.1:62509" [_thread_blocked, id=17976, stack(0x000000fd9cf00000,0x000000fd9d000000)]
  0x000002f25fb5f8d0 JavaThread "Stdin handler" [_thread_blocked, id=5644, stack(0x000000fd9d000000,0x000000fd9d100000)]
  0x000002f25fb65de0 JavaThread "Daemon client event forwarder" [_thread_blocked, id=3308, stack(0x000000fd9d100000,0x000000fd9d200000)]
  0x000002f25fb61a80 JavaThread "Cache worker for checksums cache (E:\ss\flutter\zflutter project\slash_product\android\.gradle\7.5\checksums)" [_thread_blocked, id=8568, stack(0x000000fd9d200000,0x000000fd9d300000)]
  0x000002f25fb64aa0 JavaThread "Cache worker for cache directory md-rule (C:\Users\User\.gradle\caches\7.5\md-rule)" [_thread_blocked, id=1604, stack(0x000000fd9d900000,0x000000fd9da00000)]
  0x000002f25fb61f50 JavaThread "Cache worker for file hash cache (E:\ss\flutter\zflutter project\slash_product\android\.gradle\7.5\fileHashes)" [_thread_blocked, id=8820, stack(0x000000fd9dd00000,0x000000fd9de00000)]
  0x000002f25fb645d0 JavaThread "Cache worker for dependencies-accessors (E:\ss\flutter\zflutter project\slash_product\android\.gradle\7.5\dependencies-accessors)" [_thread_blocked, id=15176, stack(0x000000fd9e000000,0x000000fd9e100000)]
  0x000002f25fb615b0 JavaThread "included builds" [_thread_blocked, id=16980, stack(0x000000fd9e600000,0x000000fd9e700000)]
  0x000002f25fb5fda0 JavaThread "Execution worker" [_thread_blocked, id=11848, stack(0x000000fd9e700000,0x000000fd9e800000)]
  0x000002f25fb62dc0 JavaThread "Execution worker Thread 2" [_thread_blocked, id=12856, stack(0x000000fd9eb00000,0x000000fd9ec00000)]
  0x000002f25fb64f70 JavaThread "Execution worker Thread 3" [_thread_blocked, id=10780, stack(0x000000fd9ec00000,0x000000fd9ed00000)]
  0x000002f25fb662b0 JavaThread "Execution worker Thread 4" [_thread_blocked, id=17072, stack(0x000000fd9ed00000,0x000000fd9ee00000)]
  0x000002f25fb5f400 JavaThread "Execution worker Thread 5" [_thread_blocked, id=14888, stack(0x000000fd9ee00000,0x000000fd9ef00000)]
  0x000002f25fb60740 JavaThread "Execution worker Thread 6" [_thread_blocked, id=8692, stack(0x000000fd9ef00000,0x000000fd9f000000)]
  0x000002f25fb62420 JavaThread "Execution worker Thread 7" [_thread_blocked, id=9476, stack(0x000000fd9f000000,0x000000fd9f100000)]
  0x000002f25fb63290 JavaThread "Unconstrained build operations" [_thread_blocked, id=7664, stack(0x000000fd9f200000,0x000000fd9f300000)]
  0x000002f25fb65440 JavaThread "Unconstrained build operations Thread 2" [_thread_blocked, id=13516, stack(0x000000fd9f300000,0x000000fd9f400000)]
  0x000002f25acc3a00 JavaThread "Unconstrained build operations Thread 3" [_thread_blocked, id=15768, stack(0x000000fd9f400000,0x000000fd9f500000)]
  0x000002f25acc3ed0 JavaThread "Unconstrained build operations Thread 4" [_thread_blocked, id=4592, stack(0x000000fd9f500000,0x000000fd9f600000)]
  0x000002f25acc4870 JavaThread "Unconstrained build operations Thread 5" [_thread_blocked, id=13492, stack(0x000000fd9f600000,0x000000fd9f700000)]
  0x000002f25acc43a0 JavaThread "Unconstrained build operations Thread 6" [_thread_blocked, id=4492, stack(0x000000fd9f700000,0x000000fd9f800000)]
  0x000002f25acc5210 JavaThread "Unconstrained build operations Thread 7" [_thread_blocked, id=18036, stack(0x000000fd9f800000,0x000000fd9f900000)]
  0x000002f25acc5bb0 JavaThread "Unconstrained build operations Thread 8" [_thread_blocked, id=13384, stack(0x000000fd9f900000,0x000000fd9fa00000)]
  0x000002f25acc6080 JavaThread "Unconstrained build operations Thread 9" [_thread_blocked, id=2856, stack(0x000000fd9fa00000,0x000000fd9fb00000)]
  0x000002f260ccb9c0 JavaThread "Unconstrained build operations Thread 10" [_thread_blocked, id=10092, stack(0x000000fd9fb00000,0x000000fd9fc00000)]
  0x000002f260ccc360 JavaThread "Unconstrained build operations Thread 11" [_thread_blocked, id=12436, stack(0x000000fd9fc00000,0x000000fd9fd00000)]
  0x000002f260cc7660 JavaThread "Unconstrained build operations Thread 12" [_thread_blocked, id=16304, stack(0x000000fd9fd00000,0x000000fd9fe00000)]
  0x000002f260cc67f0 JavaThread "Unconstrained build operations Thread 13" [_thread_blocked, id=17904, stack(0x000000fd9fe00000,0x000000fd9ff00000)]
  0x000002f260cc7b30 JavaThread "Unconstrained build operations Thread 14" [_thread_blocked, id=11388, stack(0x000000fd9ff00000,0x000000fda0000000)]
  0x000002f25ea085c0 JavaThread "Unconstrained build operations Thread 15" [_thread_blocked, id=6868, stack(0x000000fda0000000,0x000000fda0100000)]
  0x000002f25ea08f60 JavaThread "Unconstrained build operations Thread 16" [_thread_blocked, id=9724, stack(0x000000fda0100000,0x000000fda0200000)]
  0x000002f25ea0b5e0 JavaThread "Unconstrained build operations Thread 17" [_thread_blocked, id=18392, stack(0x000000fda0200000,0x000000fda0300000)]
  0x000002f259a7cf90 JavaThread "Unconstrained build operations Thread 18" [_thread_blocked, id=17992, stack(0x000000fda0300000,0x000000fda0400000)]
  0x000002f259a7c120 JavaThread "Unconstrained build operations Thread 19" [_thread_blocked, id=8708, stack(0x000000fda0400000,0x000000fda0500000)]
  0x000002f259a7e7a0 JavaThread "Unconstrained build operations Thread 20" [_thread_blocked, id=18648, stack(0x000000fda0500000,0x000000fda0600000)]
  0x000002f259a7c5f0 JavaThread "Unconstrained build operations Thread 21" [_thread_blocked, id=17328, stack(0x000000fda0600000,0x000000fda0700000)]
  0x000002f259a7e2d0 JavaThread "Unconstrained build operations Thread 22" [_thread_blocked, id=11868, stack(0x000000fda0700000,0x000000fda0800000)]
  0x000002f259a7a440 JavaThread "Unconstrained build operations Thread 23" [_thread_blocked, id=19432, stack(0x000000fda0800000,0x000000fda0900000)]
  0x000002f259a7cac0 JavaThread "Unconstrained build operations Thread 24" [_thread_blocked, id=17392, stack(0x000000fda0900000,0x000000fda0a00000)]
  0x000002f259a7ec70 JavaThread "Unconstrained build operations Thread 25" [_thread_blocked, id=16728, stack(0x000000fda0a00000,0x000000fda0b00000)]
  0x000002f259a7a910 JavaThread "Unconstrained build operations Thread 26" [_thread_blocked, id=9340, stack(0x000000fda0b00000,0x000000fda0c00000)]
  0x000002f259a7b2b0 JavaThread "Unconstrained build operations Thread 27" [_thread_blocked, id=17336, stack(0x000000fda0c00000,0x000000fda0d00000)]
  0x000002f259a7d460 JavaThread "Unconstrained build operations Thread 28" [_thread_blocked, id=13860, stack(0x000000fda0d00000,0x000000fda0e00000)]
  0x000002f259a7fae0 JavaThread "Unconstrained build operations Thread 29" [_thread_blocked, id=13140, stack(0x000000fda0e00000,0x000000fda0f00000)]
  0x000002f259a7ffb0 JavaThread "Unconstrained build operations Thread 30" [_thread_blocked, id=3692, stack(0x000000fda0f00000,0x000000fda1000000)]
  0x000002f259a80480 JavaThread "Unconstrained build operations Thread 31" [_thread_blocked, id=17108, stack(0x000000fda1000000,0x000000fda1100000)]
  0x000002f259a7f610 JavaThread "Unconstrained build operations Thread 32" [_thread_blocked, id=12540, stack(0x000000fda1100000,0x000000fda1200000)]
  0x000002f259a7b780 JavaThread "Unconstrained build operations Thread 33" [_thread_blocked, id=16900, stack(0x000000fda1200000,0x000000fda1300000)]
  0x000002f259a7d930 JavaThread "Unconstrained build operations Thread 34" [_thread_blocked, id=13688, stack(0x000000fda1300000,0x000000fda1400000)]
  0x000002f259a7ade0 JavaThread "Unconstrained build operations Thread 35" [_thread_blocked, id=15432, stack(0x000000fda1400000,0x000000fda1500000)]
  0x000002f259a7de00 JavaThread "Unconstrained build operations Thread 36" [_thread_blocked, id=9484, stack(0x000000fda1500000,0x000000fda1600000)]
  0x000002f259a80950 JavaThread "Unconstrained build operations Thread 37" [_thread_blocked, id=17820, stack(0x000000fda1600000,0x000000fda1700000)]
  0x000002f259a7f140 JavaThread "Unconstrained build operations Thread 38" [_thread_blocked, id=1596, stack(0x000000fda1700000,0x000000fda1800000)]
  0x000002f259a80e20 JavaThread "Unconstrained build operations Thread 39" [_thread_blocked, id=18140, stack(0x000000fda1800000,0x000000fda1900000)]
  0x000002f259a812f0 JavaThread "Unconstrained build operations Thread 40" [_thread_blocked, id=19392, stack(0x000000fda1900000,0x000000fda1a00000)]
  0x000002f259a817c0 JavaThread "Unconstrained build operations Thread 41" [_thread_blocked, id=17468, stack(0x000000fda1a00000,0x000000fda1b00000)]
  0x000002f259a81c90 JavaThread "Unconstrained build operations Thread 42" [_thread_blocked, id=1700, stack(0x000000fda1b00000,0x000000fda1c00000)]
  0x000002f259a7bc50 JavaThread "Unconstrained build operations Thread 43" [_thread_blocked, id=17432, stack(0x000000fda1c00000,0x000000fda1d00000)]
  0x000002f26160a200 JavaThread "Unconstrained build operations Thread 44" [_thread_blocked, id=17792, stack(0x000000fda1d00000,0x000000fda1e00000)]
  0x000002f26160ea30 JavaThread "Unconstrained build operations Thread 45" [_thread_blocked, id=8028, stack(0x000000fda1e00000,0x000000fda1f00000)]
  0x000002f26160c3b0 JavaThread "Unconstrained build operations Thread 46" [_thread_blocked, id=18652, stack(0x000000fda1f00000,0x000000fda2000000)]
  0x000002f26160a6d0 JavaThread "Unconstrained build operations Thread 47" [_thread_blocked, id=5156, stack(0x000000fda2000000,0x000000fda2100000)]
  0x000002f26160b070 JavaThread "Unconstrained build operations Thread 48" [_thread_blocked, id=10508, stack(0x000000fda2100000,0x000000fda2200000)]
  0x000002f26160bee0 JavaThread "Unconstrained build operations Thread 49" [_thread_blocked, id=10424, stack(0x000000fda2200000,0x000000fda2300000)]
  0x000002f26160e560 JavaThread "Unconstrained build operations Thread 50" [_thread_blocked, id=14260, stack(0x000000fda2300000,0x000000fda2400000)]
  0x000002f26160dbc0 JavaThread "Unconstrained build operations Thread 51" [_thread_blocked, id=17688, stack(0x000000fda2400000,0x000000fda2500000)]
  0x000002f261610710 JavaThread "Unconstrained build operations Thread 52" [_thread_blocked, id=9228, stack(0x000000fda2500000,0x000000fda2600000)]
  0x000002f261610be0 JavaThread "Unconstrained build operations Thread 53" [_thread_blocked, id=15736, stack(0x000000fda2600000,0x000000fda2700000)]
  0x000002f261610240 JavaThread "Unconstrained build operations Thread 54" [_thread_blocked, id=17332, stack(0x000000fda2700000,0x000000fda2800000)]
  0x000002f26160c880 JavaThread "Unconstrained build operations Thread 55" [_thread_blocked, id=13804, stack(0x000000fda2800000,0x000000fda2900000)]
  0x000002f2616110b0 JavaThread "Unconstrained build operations Thread 56" [_thread_blocked, id=16620, stack(0x000000fda2900000,0x000000fda2a00000)]
  0x000002f26160cd50 JavaThread "Unconstrained build operations Thread 57" [_thread_blocked, id=16048, stack(0x000000fda2a00000,0x000000fda2b00000)]
  0x000002f26160aba0 JavaThread "Unconstrained build operations Thread 58" [_thread_blocked, id=4260, stack(0x000000fda2b00000,0x000000fda2c00000)]
  0x000002f261609860 JavaThread "Unconstrained build operations Thread 59" [_thread_blocked, id=16564, stack(0x000000fda2c00000,0x000000fda2d00000)]
  0x000002f26160b540 JavaThread "Unconstrained build operations Thread 60" [_thread_blocked, id=17848, stack(0x000000fda2d00000,0x000000fda2e00000)]
  0x000002f26160ba10 JavaThread "Unconstrained build operations Thread 61" [_thread_blocked, id=19336, stack(0x000000fda2e00000,0x000000fda2f00000)]
  0x000002f26160d220 JavaThread "Unconstrained build operations Thread 62" [_thread_blocked, id=1588, stack(0x000000fda2f00000,0x000000fda3000000)]
  0x000002f26160f3d0 JavaThread "Unconstrained build operations Thread 63" [_thread_blocked, id=5744, stack(0x000000fda3000000,0x000000fda3100000)]
  0x000002f26160f8a0 JavaThread "Unconstrained build operations Thread 64" [_thread_blocked, id=10340, stack(0x000000fda3100000,0x000000fda3200000)]
  0x000002f261609d30 JavaThread "Unconstrained build operations Thread 65" [_thread_blocked, id=18976, stack(0x000000fda3200000,0x000000fda3300000)]
  0x000002f26160d6f0 JavaThread "Unconstrained build operations Thread 66" [_thread_blocked, id=14804, stack(0x000000fda3300000,0x000000fda3400000)]
  0x000002f26160e090 JavaThread "Unconstrained build operations Thread 67" [_thread_blocked, id=17360, stack(0x000000fda3400000,0x000000fda3500000)]
  0x000002f26160ef00 JavaThread "Unconstrained build operations Thread 68" [_thread_blocked, id=15876, stack(0x000000fda3500000,0x000000fda3600000)]
  0x000002f26160fd70 JavaThread "Unconstrained build operations Thread 69" [_thread_blocked, id=7924, stack(0x000000fda3600000,0x000000fda3700000)]
  0x000002f25c6a0560 JavaThread "Unconstrained build operations Thread 70" [_thread_blocked, id=10500, stack(0x000000fda3700000,0x000000fda3800000)]
  0x000002f25c6a2710 JavaThread "Unconstrained build operations Thread 71" [_thread_blocked, id=14936, stack(0x000000fda3800000,0x000000fda3900000)]
  0x000002f25c69e880 JavaThread "Unconstrained build operations Thread 72" [_thread_blocked, id=16828, stack(0x000000fda3900000,0x000000fda3a00000)]
  0x000002f25c6a13d0 JavaThread "Unconstrained build operations Thread 73" [_thread_blocked, id=17164, stack(0x000000fda3a00000,0x000000fda3b00000)]
  0x000002f25c6a0a30 JavaThread "Unconstrained build operations Thread 74" [_thread_blocked, id=18796, stack(0x000000fda3b00000,0x000000fda3c00000)]
  0x000002f25c69e3b0 JavaThread "Unconstrained build operations Thread 75" [_thread_blocked, id=19188, stack(0x000000fda3c00000,0x000000fda3d00000)]
  0x000002f25c69cba0 JavaThread "Unconstrained build operations Thread 76" [_thread_blocked, id=14096, stack(0x000000fda3d00000,0x000000fda3e00000)]
  0x000002f25c69bd30 JavaThread "Unconstrained build operations Thread 77" [_thread_blocked, id=10232, stack(0x000000fda3e00000,0x000000fda3f00000)]
  0x000002f25c6a18a0 JavaThread "Unconstrained build operations Thread 78" [_thread_blocked, id=13888, stack(0x000000fda3f00000,0x000000fda4000000)]
  0x000002f25c6a0090 JavaThread "Unconstrained build operations Thread 79" [_thread_blocked, id=5952, stack(0x000000fda4000000,0x000000fda4100000)]
  0x000002f25c69da10 JavaThread "Unconstrained build operations Thread 80" [_thread_blocked, id=16640, stack(0x000000fda4100000,0x000000fda4200000)]
  0x000002f25c6a0f00 JavaThread "Cache worker for Build Output Cleanup Cache (E:\ss\flutter\zflutter project\slash_product\android\.gradle\buildOutputCleanup)" [_thread_blocked, id=15156, stack(0x000000fda4200000,0x000000fda4300000)]
  0x000002f25c69c6d0 JavaThread "pool-6-thread-1" [_thread_blocked, id=18364, stack(0x000000fda4300000,0x000000fda4400000)]

Other Threads:
  0x000002f25888e300 VMThread "VM Thread" [stack: 0x000000fd9b700000,0x000000fd9b800000] [id=19096]
  0x000002f23a2ea660 WatcherThread [stack: 0x000000fd9c300000,0x000000fd9c400000] [id=17284]
  0x000002f23a2cde20 GCTaskThread "GC Thread#0" [stack: 0x000000fd9b200000,0x000000fd9b300000] [id=19000]
  0x000002f259f182b0 GCTaskThread "GC Thread#1" [stack: 0x000000fd9c500000,0x000000fd9c600000] [id=13360]
  0x000002f25a58f9c0 GCTaskThread "GC Thread#2" [stack: 0x000000fd9c600000,0x000000fd9c700000] [id=7564]
  0x000002f25a688d20 GCTaskThread "GC Thread#3" [stack: 0x000000fd9c700000,0x000000fd9c800000] [id=15940]
  0x000002f25a537530 GCTaskThread "GC Thread#4" [stack: 0x000000fd9c800000,0x000000fd9c900000] [id=7460]
  0x000002f25bd7e3c0 GCTaskThread "GC Thread#5" [stack: 0x000000fd9c400000,0x000000fd9c500000] [id=19288]
  0x000002f25bfccf00 GCTaskThread "GC Thread#6" [stack: 0x000000fd9d500000,0x000000fd9d600000] [id=14688]
  0x000002f25bfcd1b0 GCTaskThread "GC Thread#7" [stack: 0x000000fd9d600000,0x000000fd9d700000] [id=3440]
  0x000002f23a2dfb20 ConcurrentGCThread "G1 Main Marker" [stack: 0x000000fd9b300000,0x000000fd9b400000] [id=6816]
  0x000002f23a2e22f0 ConcurrentGCThread "G1 Conc#0" [stack: 0x000000fd9b400000,0x000000fd9b500000] [id=16968]
  0x000002f25c26ec80 ConcurrentGCThread "G1 Conc#1" [stack: 0x000000fd9d700000,0x000000fd9d800000] [id=13548]
  0x000002f258725bb0 ConcurrentGCThread "G1 Refine#0" [stack: 0x000000fd9b500000,0x000000fd9b600000] [id=8788]
  0x000002f25aff8420 ConcurrentGCThread "G1 Refine#1" [stack: 0x000000fd9da00000,0x000000fd9db00000] [id=16500]
  0x000002f258726380 ConcurrentGCThread "G1 Service" [stack: 0x000000fd9b600000,0x000000fd9b700000] [id=19052]

Threads with active compile tasks:
C2 CompilerThread0    95010 13594       4       org.gradle.api.internal.attributes.DefaultMutableAttributeContainer::asImmutable (55 bytes)
C1 CompilerThread0    95010 13792       3       org.gradle.execution.plan.TaskNode::visitAllNodesWaitingForThisNode (85 bytes)

VM state: not at safepoint (normal execution)

VM Mutex/Monitor currently owned by a thread:  ([mutex/lock_event])
[0x000002f23a25f960] Metaspace_lock - owner thread: 0x000002f2598993f0
[0x000002f23a2622a0] MethodData_lock - owner thread: 0x000002f2598993f0

OutOfMemory and StackOverflow Exception counts:
OutOfMemoryError java_heap_errors=1
LinkageErrors=126

Heap address: 0x0000000700000000, size: 4096 MB, Compressed Oops mode: Zero based, Oop shift amount: 3

CDS archive(s) not mapped
Compressed class space mapped at: 0x0000000800000000-0x0000000840000000, reserved size: 1073741824
Narrow klass base: 0x0000000800000000, Narrow klass shift: 0, Narrow klass range: 0x40000000

GC Precious Log:
 CPUs: 8 total, 8 available
 Memory: 8068M
 Large Page Support: Disabled
 NUMA Support: Disabled
 Compressed Oops: Enabled (Zero based)
 Heap Region Size: 2M
 Heap Min Capacity: 8M
 Heap Initial Capacity: 128M
 Heap Max Capacity: 4G
 Pre-touch: Disabled
 Parallel Workers: 8
 Concurrent Workers: 2
 Concurrent Refinement Workers: 8
 Periodic GC: Disabled

Heap:
 garbage-first heap   total 223232K, used 158993K [0x0000000700000000, 0x0000000800000000)
  region size 2048K, 24 young (49152K), 4 survivors (8192K)
 Metaspace       used 107919K, committed 108864K, reserved 1146880K
  class space    used 14503K, committed 14912K, reserved 1048576K

Heap Regions: E=young(eden), S=young(survivor), O=old, HS=humongous(starts), HC=humongous(continues), CS=collection set, F=free, OA=open archive, CA=closed archive, TAMS=top-at-mark-start (previous, next)
|   0|0x0000000700000000, 0x0000000700200000, 0x0000000700200000|100%| O|  |TAMS 0x0000000700200000, 0x0000000700000000| Untracked 
|   1|0x0000000700200000, 0x0000000700400000, 0x0000000700400000|100%| O|  |TAMS 0x0000000700400000, 0x0000000700200000| Untracked 
|   2|0x0000000700400000, 0x0000000700600000, 0x0000000700600000|100%|HS|  |TAMS 0x0000000700600000, 0x0000000700400000| Complete 
|   3|0x0000000700600000, 0x0000000700800000, 0x0000000700800000|100%|HC|  |TAMS 0x0000000700800000, 0x0000000700600000| Complete 
|   4|0x0000000700800000, 0x0000000700a00000, 0x0000000700a00000|100%| O|  |TAMS 0x0000000700a00000, 0x0000000700800000| Untracked 
|   5|0x0000000700a00000, 0x0000000700c00000, 0x0000000700c00000|100%| O|  |TAMS 0x0000000700c00000, 0x0000000700a00000| Untracked 
|   6|0x0000000700c00000, 0x0000000700e00000, 0x0000000700e00000|100%| O|  |TAMS 0x0000000700e00000, 0x0000000700c00000| Untracked 
|   7|0x0000000700e00000, 0x0000000701000000, 0x0000000701000000|100%| O|  |TAMS 0x0000000701000000, 0x0000000700e00000| Untracked 
|   8|0x0000000701000000, 0x0000000701200000, 0x0000000701200000|100%| O|  |TAMS 0x0000000701200000, 0x0000000701000000| Untracked 
|   9|0x0000000701200000, 0x0000000701400000, 0x0000000701400000|100%| O|  |TAMS 0x0000000701400000, 0x0000000701200000| Untracked 
|  10|0x0000000701400000, 0x0000000701600000, 0x0000000701600000|100%| O|  |TAMS 0x0000000701600000, 0x0000000701400000| Untracked 
|  11|0x0000000701600000, 0x0000000701800000, 0x0000000701800000|100%| O|  |TAMS 0x0000000701800000, 0x0000000701600000| Untracked 
|  12|0x0000000701800000, 0x0000000701a00000, 0x0000000701a00000|100%| O|  |TAMS 0x0000000701a00000, 0x0000000701800000| Untracked 
|  13|0x0000000701a00000, 0x0000000701c00000, 0x0000000701c00000|100%| O|  |TAMS 0x0000000701c00000, 0x0000000701a00000| Untracked 
|  14|0x0000000701c00000, 0x0000000701e00000, 0x0000000701e00000|100%| O|  |TAMS 0x0000000701e00000, 0x0000000701c00000| Untracked 
|  15|0x0000000701e00000, 0x0000000702000000, 0x0000000702000000|100%| O|  |TAMS 0x0000000702000000, 0x0000000701e00000| Untracked 
|  16|0x0000000702000000, 0x0000000702200000, 0x0000000702200000|100%| O|  |TAMS 0x0000000702200000, 0x0000000702000000| Untracked 
|  17|0x0000000702200000, 0x0000000702400000, 0x0000000702400000|100%| O|  |TAMS 0x0000000702400000, 0x0000000702200000| Untracked 
|  18|0x0000000702400000, 0x0000000702600000, 0x0000000702600000|100%|HS|  |TAMS 0x0000000702600000, 0x0000000702400000| Complete 
|  19|0x0000000702600000, 0x0000000702800000, 0x0000000702800000|100%|HS|  |TAMS 0x0000000702800000, 0x0000000702600000| Complete 
|  20|0x0000000702800000, 0x0000000702a00000, 0x0000000702a00000|100%|HC|  |TAMS 0x0000000702a00000, 0x0000000702800000| Complete 
|  21|0x0000000702a00000, 0x0000000702c00000, 0x0000000702c00000|100%| O|  |TAMS 0x0000000702c00000, 0x0000000702a00000| Untracked 
|  22|0x0000000702c00000, 0x0000000702e00000, 0x0000000702e00000|100%| O|  |TAMS 0x0000000702e00000, 0x0000000702c00000| Untracked 
|  23|0x0000000702e00000, 0x0000000703000000, 0x0000000703000000|100%| O|  |TAMS 0x0000000703000000, 0x0000000702e00000| Untracked 
|  24|0x0000000703000000, 0x0000000703200000, 0x0000000703200000|100%| O|  |TAMS 0x0000000703200000, 0x0000000703000000| Untracked 
|  25|0x0000000703200000, 0x0000000703400000, 0x0000000703400000|100%| O|  |TAMS 0x0000000703400000, 0x0000000703200000| Untracked 
|  26|0x0000000703400000, 0x0000000703600000, 0x0000000703600000|100%| O|  |TAMS 0x0000000703600000, 0x0000000703400000| Untracked 
|  27|0x0000000703600000, 0x0000000703800000, 0x0000000703800000|100%| O|  |TAMS 0x0000000703800000, 0x0000000703600000| Untracked 
|  28|0x0000000703800000, 0x0000000703a00000, 0x0000000703a00000|100%| O|  |TAMS 0x0000000703a00000, 0x0000000703800000| Untracked 
|  29|0x0000000703a00000, 0x0000000703c00000, 0x0000000703c00000|100%| O|  |TAMS 0x0000000703c00000, 0x0000000703a00000| Untracked 
|  30|0x0000000703c00000, 0x0000000703e00000, 0x0000000703e00000|100%| O|  |TAMS 0x0000000703e00000, 0x0000000703c00000| Untracked 
|  31|0x0000000703e00000, 0x0000000704000000, 0x0000000704000000|100%| O|  |TAMS 0x0000000704000000, 0x0000000703e00000| Untracked 
|  32|0x0000000704000000, 0x0000000704200000, 0x0000000704200000|100%| O|  |TAMS 0x0000000704200000, 0x0000000704000000| Untracked 
|  33|0x0000000704200000, 0x0000000704400000, 0x0000000704400000|100%| O|  |TAMS 0x0000000704400000, 0x0000000704200000| Untracked 
|  34|0x0000000704400000, 0x0000000704600000, 0x0000000704600000|100%| O|  |TAMS 0x0000000704600000, 0x0000000704400000| Untracked 
|  35|0x0000000704600000, 0x0000000704800000, 0x0000000704800000|100%| O|  |TAMS 0x0000000704800000, 0x0000000704600000| Untracked 
|  36|0x0000000704800000, 0x0000000704a00000, 0x0000000704a00000|100%| O|  |TAMS 0x0000000704a00000, 0x0000000704800000| Untracked 
|  37|0x0000000704a00000, 0x0000000704c00000, 0x0000000704c00000|100%| O|  |TAMS 0x0000000704c00000, 0x0000000704a00000| Untracked 
|  38|0x0000000704c00000, 0x0000000704e00000, 0x0000000704e00000|100%| O|  |TAMS 0x0000000704e00000, 0x0000000704c00000| Untracked 
|  39|0x0000000704e00000, 0x0000000705000000, 0x0000000705000000|100%| O|  |TAMS 0x0000000705000000, 0x0000000704e00000| Untracked 
|  40|0x0000000705000000, 0x0000000705200000, 0x0000000705200000|100%| O|  |TAMS 0x0000000705200000, 0x0000000705000000| Untracked 
|  41|0x0000000705200000, 0x0000000705400000, 0x0000000705400000|100%| O|  |TAMS 0x0000000705400000, 0x0000000705200000| Untracked 
|  42|0x0000000705400000, 0x0000000705600000, 0x0000000705600000|100%| O|  |TAMS 0x0000000705600000, 0x0000000705400000| Untracked 
|  43|0x0000000705600000, 0x0000000705800000, 0x0000000705800000|100%| O|  |TAMS 0x0000000705800000, 0x0000000705600000| Untracked 
|  44|0x0000000705800000, 0x0000000705a00000, 0x0000000705a00000|100%| O|  |TAMS 0x0000000705a00000, 0x0000000705800000| Untracked 
|  45|0x0000000705a00000, 0x0000000705c00000, 0x0000000705c00000|100%| O|  |TAMS 0x0000000705c00000, 0x0000000705a00000| Untracked 
|  46|0x0000000705c00000, 0x0000000705e00000, 0x0000000705e00000|100%| O|  |TAMS 0x0000000705e00000, 0x0000000705c00000| Untracked 
|  47|0x0000000705e00000, 0x0000000706000000, 0x0000000706000000|100%| O|  |TAMS 0x0000000706000000, 0x0000000705e00000| Untracked 
|  48|0x0000000706000000, 0x0000000706200000, 0x0000000706200000|100%| O|  |TAMS 0x0000000706200000, 0x0000000706000000| Complete 
|  49|0x0000000706200000, 0x0000000706400000, 0x0000000706400000|100%| O|  |TAMS 0x0000000706400000, 0x0000000706200000| Untracked 
|  50|0x0000000706400000, 0x0000000706600000, 0x0000000706600000|100%| O|  |TAMS 0x0000000706600000, 0x0000000706400000| Untracked 
|  51|0x0000000706600000, 0x0000000706800000, 0x0000000706800000|100%| O|  |TAMS 0x0000000706800000, 0x0000000706600000| Untracked 
|  52|0x0000000706800000, 0x0000000706a00000, 0x0000000706a00000|100%| O|  |TAMS 0x000000070684f000, 0x0000000706800000| Untracked 
|  53|0x0000000706a00000, 0x0000000706b44400, 0x0000000706c00000| 63%| O|  |TAMS 0x0000000706a00000, 0x0000000706a00000| Untracked 
|  54|0x0000000706c00000, 0x0000000706c00000, 0x0000000706e00000|  0%| F|  |TAMS 0x0000000706c00000, 0x0000000706c00000| Untracked 
|  55|0x0000000706e00000, 0x0000000706e00000, 0x0000000707000000|  0%| F|  |TAMS 0x0000000706e00000, 0x0000000706e00000| Untracked 
|  56|0x0000000707000000, 0x0000000707000000, 0x0000000707200000|  0%| F|  |TAMS 0x0000000707000000, 0x0000000707000000| Untracked 
|  57|0x0000000707200000, 0x0000000707200000, 0x0000000707400000|  0%| F|  |TAMS 0x0000000707200000, 0x0000000707200000| Untracked 
|  58|0x0000000707400000, 0x0000000707400000, 0x0000000707600000|  0%| F|  |TAMS 0x0000000707400000, 0x0000000707400000| Untracked 
|  59|0x0000000707600000, 0x0000000707600000, 0x0000000707800000|  0%| F|  |TAMS 0x0000000707600000, 0x0000000707600000| Untracked 
|  60|0x0000000707800000, 0x0000000707800000, 0x0000000707a00000|  0%| F|  |TAMS 0x0000000707800000, 0x0000000707800000| Untracked 
|  61|0x0000000707a00000, 0x0000000707a00000, 0x0000000707c00000|  0%| F|  |TAMS 0x0000000707a00000, 0x0000000707a00000| Untracked 
|  62|0x0000000707c00000, 0x0000000707c00000, 0x0000000707e00000|  0%| F|  |TAMS 0x0000000707c00000, 0x0000000707c00000| Untracked 
|  63|0x0000000707e00000, 0x0000000707e00000, 0x0000000708000000|  0%| F|  |TAMS 0x0000000707e00000, 0x0000000707e00000| Untracked 
|  64|0x0000000708000000, 0x0000000708000000, 0x0000000708200000|  0%| F|  |TAMS 0x0000000708000000, 0x0000000708000000| Untracked 
|  65|0x0000000708200000, 0x0000000708200000, 0x0000000708400000|  0%| F|  |TAMS 0x0000000708200000, 0x0000000708200000| Untracked 
|  66|0x0000000708400000, 0x0000000708400000, 0x0000000708600000|  0%| F|  |TAMS 0x0000000708400000, 0x0000000708400000| Untracked 
|  67|0x0000000708600000, 0x0000000708800000, 0x0000000708800000|100%| S|CS|TAMS 0x0000000708600000, 0x0000000708600000| Complete 
|  68|0x0000000708800000, 0x0000000708a00000, 0x0000000708a00000|100%| S|CS|TAMS 0x0000000708800000, 0x0000000708800000| Complete 
|  69|0x0000000708a00000, 0x0000000708c00000, 0x0000000708c00000|100%| S|CS|TAMS 0x0000000708a00000, 0x0000000708a00000| Complete 
|  70|0x0000000708c00000, 0x0000000708e00000, 0x0000000708e00000|100%| S|CS|TAMS 0x0000000708c00000, 0x0000000708c00000| Complete 
|  71|0x0000000708e00000, 0x0000000708e00000, 0x0000000709000000|  0%| F|  |TAMS 0x0000000708e00000, 0x0000000708e00000| Untracked 
|  72|0x0000000709000000, 0x0000000709000000, 0x0000000709200000|  0%| F|  |TAMS 0x0000000709000000, 0x0000000709000000| Untracked 
|  73|0x0000000709200000, 0x0000000709200000, 0x0000000709400000|  0%| F|  |TAMS 0x0000000709200000, 0x0000000709200000| Untracked 
|  74|0x0000000709400000, 0x0000000709400000, 0x0000000709600000|  0%| F|  |TAMS 0x0000000709400000, 0x0000000709400000| Untracked 
|  75|0x0000000709600000, 0x0000000709600000, 0x0000000709800000|  0%| F|  |TAMS 0x0000000709600000, 0x0000000709600000| Untracked 
|  76|0x0000000709800000, 0x0000000709800000, 0x0000000709a00000|  0%| F|  |TAMS 0x0000000709800000, 0x0000000709800000| Untracked 
|  77|0x0000000709a00000, 0x0000000709a00000, 0x0000000709c00000|  0%| F|  |TAMS 0x0000000709a00000, 0x0000000709a00000| Untracked 
|  78|0x0000000709c00000, 0x0000000709c00000, 0x0000000709e00000|  0%| F|  |TAMS 0x0000000709c00000, 0x0000000709c00000| Untracked 
|  79|0x0000000709e00000, 0x0000000709e00000, 0x000000070a000000|  0%| F|  |TAMS 0x0000000709e00000, 0x0000000709e00000| Untracked 
|  80|0x000000070a000000, 0x000000070a000000, 0x000000070a200000|  0%| F|  |TAMS 0x000000070a000000, 0x000000070a000000| Untracked 
|  81|0x000000070a200000, 0x000000070a200000, 0x000000070a400000|  0%| F|  |TAMS 0x000000070a200000, 0x000000070a200000| Untracked 
|  82|0x000000070a400000, 0x000000070a400000, 0x000000070a600000|  0%| F|  |TAMS 0x000000070a400000, 0x000000070a400000| Untracked 
|  83|0x000000070a600000, 0x000000070a600000, 0x000000070a800000|  0%| F|  |TAMS 0x000000070a600000, 0x000000070a600000| Untracked 
|  84|0x000000070a800000, 0x000000070a800000, 0x000000070aa00000|  0%| F|  |TAMS 0x000000070a800000, 0x000000070a800000| Untracked 
|  85|0x000000070aa00000, 0x000000070aa00000, 0x000000070ac00000|  0%| F|  |TAMS 0x000000070aa00000, 0x000000070aa00000| Untracked 
|  86|0x000000070ac00000, 0x000000070ac00000, 0x000000070ae00000|  0%| F|  |TAMS 0x000000070ac00000, 0x000000070ac00000| Untracked 
|  87|0x000000070ae00000, 0x000000070ae76458, 0x000000070b000000| 23%| E|  |TAMS 0x000000070ae00000, 0x000000070ae00000| Complete 
|  88|0x000000070b000000, 0x000000070b200000, 0x000000070b200000|100%| E|CS|TAMS 0x000000070b000000, 0x000000070b000000| Complete 
|  89|0x000000070b200000, 0x000000070b400000, 0x000000070b400000|100%| E|CS|TAMS 0x000000070b200000, 0x000000070b200000| Complete 
|  90|0x000000070b400000, 0x000000070b600000, 0x000000070b600000|100%| E|CS|TAMS 0x000000070b400000, 0x000000070b400000| Complete 
|  91|0x000000070b600000, 0x000000070b800000, 0x000000070b800000|100%| E|CS|TAMS 0x000000070b600000, 0x000000070b600000| Complete 
|  92|0x000000070b800000, 0x000000070ba00000, 0x000000070ba00000|100%| E|CS|TAMS 0x000000070b800000, 0x000000070b800000| Complete 
|  93|0x000000070ba00000, 0x000000070bc00000, 0x000000070bc00000|100%| E|CS|TAMS 0x000000070ba00000, 0x000000070ba00000| Complete 
|  94|0x000000070bc00000, 0x000000070be00000, 0x000000070be00000|100%| E|CS|TAMS 0x000000070bc00000, 0x000000070bc00000| Complete 
|  95|0x000000070be00000, 0x000000070c000000, 0x000000070c000000|100%| E|CS|TAMS 0x000000070be00000, 0x000000070be00000| Complete 
|  96|0x000000070c000000, 0x000000070c200000, 0x000000070c200000|100%| E|CS|TAMS 0x000000070c000000, 0x000000070c000000| Complete 
|  97|0x000000070c200000, 0x000000070c400000, 0x000000070c400000|100%| E|CS|TAMS 0x000000070c200000, 0x000000070c200000| Complete 
|  98|0x000000070c400000, 0x000000070c600000, 0x000000070c600000|100%| E|CS|TAMS 0x000000070c400000, 0x000000070c400000| Complete 
|  99|0x000000070c600000, 0x000000070c800000, 0x000000070c800000|100%| E|CS|TAMS 0x000000070c600000, 0x000000070c600000| Complete 
| 100|0x000000070c800000, 0x000000070ca00000, 0x000000070ca00000|100%| E|CS|TAMS 0x000000070c800000, 0x000000070c800000| Complete 
| 101|0x000000070ca00000, 0x000000070cc00000, 0x000000070cc00000|100%| E|  |TAMS 0x000000070ca00000, 0x000000070ca00000| Complete 
| 102|0x000000070cc00000, 0x000000070ce00000, 0x000000070ce00000|100%| E|CS|TAMS 0x000000070cc00000, 0x000000070cc00000| Complete 
| 103|0x000000070ce00000, 0x000000070d000000, 0x000000070d000000|100%| E|CS|TAMS 0x000000070ce00000, 0x000000070ce00000| Complete 
| 104|0x000000070d000000, 0x000000070d200000, 0x000000070d200000|100%| E|CS|TAMS 0x000000070d000000, 0x000000070d000000| Complete 
| 105|0x000000070d200000, 0x000000070d400000, 0x000000070d400000|100%| E|CS|TAMS 0x000000070d200000, 0x000000070d200000| Complete 
| 106|0x000000070d400000, 0x000000070d600000, 0x000000070d600000|100%| E|CS|TAMS 0x000000070d400000, 0x000000070d400000| Complete 
|2046|0x00000007ffc00000, 0x00000007ffe00000, 0x00000007ffe00000|100%| O|  |TAMS 0x00000007ffe00000, 0x00000007ffc00000| Untracked 
|2047|0x00000007ffe00000, 0x0000000800000000, 0x0000000800000000|100%| O|  |TAMS 0x0000000800000000, 0x00000007ffe00000| Untracked 

Card table byte_map: [0x000002f24d240000,0x000002f24da40000] _byte_map_base: 0x000002f249a40000

Marking Bits (Prev, Next): (CMBitMap*) 0x000002f23a2ce220, (CMBitMap*) 0x000002f23a2ce1e0
 Prev Bits: [0x000002f252240000, 0x000002f256240000)
 Next Bits: [0x000002f24e240000, 0x000002f252240000)

Polling page: 0x000002f2399c0000

Metaspace:

Usage:
  Non-class:     91.23 MB used.
      Class:     14.16 MB used.
       Both:    105.39 MB used.

Virtual space:
  Non-class space:       96.00 MB reserved,      91.75 MB ( 96%) committed,  12 nodes.
      Class space:        1.00 GB reserved,      14.56 MB (  1%) committed,  1 nodes.
             Both:        1.09 GB reserved,     106.31 MB (  9%) committed. 

Chunk freelists:
   Non-Class:  240.00 KB
       Class:  1.31 MB
        Both:  1.55 MB

MaxMetaspaceSize: unlimited
CompressedClassSpaceSize: 1.00 GB
Initial GC threshold: 21.00 MB
Current GC threshold: 176.69 MB
CDS: off
MetaspaceReclaimPolicy: balanced
 - commit_granule_bytes: 65536.
 - commit_granule_words: 8192.
 - virtual_space_node_default_size: 1048576.
 - enlarge_chunks_in_place: 1.
 - new_chunks_are_fully_committed: 0.
 - uncommit_free_chunks: 1.
 - use_allocation_guard: 0.
 - handle_deallocations: 1.


Internal statistics:

num_allocs_failed_limit: 11.
num_arena_births: 1300.
num_arena_deaths: 0.
num_vsnodes_births: 13.
num_vsnodes_deaths: 0.
num_space_committed: 1701.
num_space_uncommitted: 0.
num_chunks_returned_to_freelist: 11.
num_chunks_taken_from_freelist: 5602.
num_chunk_merges: 6.
num_chunk_splits: 3581.
num_chunks_enlarged: 2243.
num_purges: 0.
num_inconsistent_stats: 0.

CodeHeap 'non-profiled nmethods': size=120000Kb used=6963Kb max_used=6963Kb free=113037Kb
 bounds [0x000002f2451e0000, 0x000002f2458b0000, 0x000002f24c710000]
CodeHeap 'profiled nmethods': size=120000Kb used=23374Kb max_used=23374Kb free=96625Kb
 bounds [0x000002f23d710000, 0x000002f23edf0000, 0x000002f244c40000]
CodeHeap 'non-nmethods': size=5760Kb used=2407Kb max_used=2542Kb free=3352Kb
 bounds [0x000002f244c40000, 0x000002f244ec0000, 0x000002f2451e0000]
 total_blobs=13150 nmethods=12210 adapters=852
 compilation: enabled
              stopped_count=0, restarted_count=0
 full_count=0

Compilation events (20 events):
Event: 94.863 Thread 0x000002f2598993f0 nmethod 13782 0x000002f23edde190 code [0x000002f23edde3a0, 0x000002f23eddea88]
Event: 94.863 Thread 0x000002f2598993f0 13783       3       org.gradle.api.internal.provider.TransformBackedProvider::mapValue (45 bytes)
Event: 94.863 Thread 0x000002f2598993f0 nmethod 13783 0x000002f23edded10 code [0x000002f23eddef60, 0x000002f23eddf908]
Event: 94.864 Thread 0x000002f2598993f0 13784       1       org.gradle.internal.execution.fingerprint.impl.FingerprinterRegistration::getSpec (5 bytes)
Event: 94.864 Thread 0x000002f2598993f0 nmethod 13784 0x000002f2458ac310 code [0x000002f2458ac4a0, 0x000002f2458ac578]
Event: 94.864 Thread 0x000002f2598993f0 13785       1       org.gradle.internal.execution.fingerprint.impl.FingerprinterRegistration::getFingerprinter (5 bytes)
Event: 94.864 Thread 0x000002f2598993f0 nmethod 13785 0x000002f2458ac610 code [0x000002f2458ac7a0, 0x000002f2458ac878]
Event: 94.865 Thread 0x000002f2598993f0 13786       3       com.google.common.collect.ImmutableSortedSet::naturalOrder (11 bytes)
Event: 94.865 Thread 0x000002f2598993f0 nmethod 13786 0x000002f23eddfc10 code [0x000002f23eddfde0, 0x000002f23ede02f8]
Event: 94.865 Thread 0x000002f2598993f0 13787       3       org.gradle.internal.resources.ExclusiveAccessResourceLock::acquireLock (37 bytes)
Event: 94.865 Thread 0x000002f2598993f0 nmethod 13787 0x000002f23ede0490 code [0x000002f23ede0640, 0x000002f23ede09a8]
Event: 94.878 Thread 0x000002f2598993f0 13788       1       org.gradle.execution.plan.NodeGroup::asFinalizer (2 bytes)
Event: 94.878 Thread 0x000002f2598993f0 nmethod 13788 0x000002f2458ac910 code [0x000002f2458acaa0, 0x000002f2458acb78]
Event: 94.878 Thread 0x000002f2598993f0 13789       3       org.gradle.execution.plan.LocalTaskNode::getNodeFailure (13 bytes)
Event: 94.878 Thread 0x000002f2598993f0 nmethod 13789 0x000002f23ede0a90 code [0x000002f23ede0c40, 0x000002f23ede0ed8]
Event: 94.878 Thread 0x000002f2598993f0 13791   !   3       org.gradle.execution.plan.DefaultExecutionPlan::recordNodeCompleted (179 bytes)
Event: 94.880 Thread 0x000002f2598993f0 nmethod 13791 0x000002f23ede1010 code [0x000002f23ede1360, 0x000002f23ede2d58]
Event: 94.880 Thread 0x000002f2598993f0 13790       3       org.gradle.execution.plan.Node::isExecuted (16 bytes)
Event: 94.880 Thread 0x000002f2598993f0 nmethod 13790 0x000002f23ede3510 code [0x000002f23ede36a0, 0x000002f23ede3818]
Event: 94.880 Thread 0x000002f2598993f0 13792       3       org.gradle.execution.plan.TaskNode::visitAllNodesWaitingForThisNode (85 bytes)

GC Heap History (20 events):
Event: 11.224 GC heap before
{Heap before GC invocations=30 (full 0):
 garbage-first heap   total 141312K, used 99388K [0x0000000700000000, 0x0000000800000000)
  region size 2048K, 17 young (34816K), 3 survivors (6144K)
 Metaspace       used 80853K, committed 81472K, reserved 1122304K
  class space    used 10894K, committed 11200K, reserved 1048576K
}
Event: 11.232 GC heap after
{Heap after GC invocations=31 (full 0):
 garbage-first heap   total 141312K, used 72447K [0x0000000700000000, 0x0000000800000000)
  region size 2048K, 3 young (6144K), 3 survivors (6144K)
 Metaspace       used 80853K, committed 81472K, reserved 1122304K
  class space    used 10894K, committed 11200K, reserved 1048576K
}
Event: 11.688 GC heap before
{Heap before GC invocations=31 (full 0):
 garbage-first heap   total 141312K, used 113407K [0x0000000700000000, 0x0000000800000000)
  region size 2048K, 23 young (47104K), 3 survivors (6144K)
 Metaspace       used 82731K, committed 83456K, reserved 1122304K
  class space    used 11146K, committed 11456K, reserved 1048576K
}
Event: 11.694 GC heap after
{Heap after GC invocations=32 (full 0):
 garbage-first heap   total 184320K, used 75743K [0x0000000700000000, 0x0000000800000000)
  region size 2048K, 3 young (6144K), 3 survivors (6144K)
 Metaspace       used 82731K, committed 83456K, reserved 1122304K
  class space    used 11146K, committed 11456K, reserved 1048576K
}
Event: 12.743 GC heap before
{Heap before GC invocations=33 (full 0):
 garbage-first heap   total 184320K, used 149471K [0x0000000700000000, 0x0000000800000000)
  region size 2048K, 39 young (79872K), 3 survivors (6144K)
 Metaspace       used 88340K, committed 89088K, reserved 1130496K
  class space    used 12110K, committed 12416K, reserved 1048576K
}
Event: 12.754 GC heap after
{Heap after GC invocations=34 (full 0):
 garbage-first heap   total 184320K, used 81271K [0x0000000700000000, 0x0000000800000000)
  region size 2048K, 5 young (10240K), 5 survivors (10240K)
 Metaspace       used 88340K, committed 89088K, reserved 1130496K
  class space    used 12110K, committed 12416K, reserved 1048576K
}
Event: 13.733 GC heap before
{Heap before GC invocations=34 (full 0):
 garbage-first heap   total 184320K, used 146807K [0x0000000700000000, 0x0000000800000000)
  region size 2048K, 38 young (77824K), 5 survivors (10240K)
 Metaspace       used 91000K, committed 91776K, reserved 1130496K
  class space    used 12514K, committed 12864K, reserved 1048576K
}
Event: 13.746 GC heap after
{Heap after GC invocations=35 (full 0):
 garbage-first heap   total 184320K, used 91492K [0x0000000700000000, 0x0000000800000000)
  region size 2048K, 5 young (10240K), 5 survivors (10240K)
 Metaspace       used 91000K, committed 91776K, reserved 1130496K
  class space    used 12514K, committed 12864K, reserved 1048576K
}
Event: 14.696 GC heap before
{Heap before GC invocations=35 (full 0):
 garbage-first heap   total 184320K, used 144740K [0x0000000700000000, 0x0000000800000000)
  region size 2048K, 32 young (65536K), 5 survivors (10240K)
 Metaspace       used 96636K, committed 97472K, reserved 1138688K
  class space    used 13327K, committed 13696K, reserved 1048576K
}
Event: 14.706 GC heap after
{Heap after GC invocations=36 (full 0):
 garbage-first heap   total 184320K, used 97475K [0x0000000700000000, 0x0000000800000000)
  region size 2048K, 3 young (6144K), 3 survivors (6144K)
 Metaspace       used 96636K, committed 97472K, reserved 1138688K
  class space    used 13327K, committed 13696K, reserved 1048576K
}
Event: 15.491 GC heap before
{Heap before GC invocations=36 (full 0):
 garbage-first heap   total 184320K, used 146627K [0x0000000700000000, 0x0000000800000000)
  region size 2048K, 28 young (57344K), 3 survivors (6144K)
 Metaspace       used 99005K, committed 99840K, reserved 1138688K
  class space    used 13634K, committed 13952K, reserved 1048576K
}
Event: 15.504 GC heap after
{Heap after GC invocations=37 (full 0):
 garbage-first heap   total 184320K, used 104581K [0x0000000700000000, 0x0000000800000000)
  region size 2048K, 4 young (8192K), 4 survivors (8192K)
 Metaspace       used 99005K, committed 99840K, reserved 1138688K
  class space    used 13634K, committed 13952K, reserved 1048576K
}
Event: 16.268 GC heap before
{Heap before GC invocations=38 (full 0):
 garbage-first heap   total 192512K, used 147589K [0x0000000700000000, 0x0000000800000000)
  region size 2048K, 25 young (51200K), 4 survivors (8192K)
 Metaspace       used 102120K, committed 102976K, reserved 1138688K
  class space    used 13987K, committed 14400K, reserved 1048576K
}
Event: 16.277 GC heap after
{Heap after GC invocations=39 (full 0):
 garbage-first heap   total 192512K, used 111222K [0x0000000700000000, 0x0000000800000000)
  region size 2048K, 4 young (8192K), 4 survivors (8192K)
 Metaspace       used 102120K, committed 102976K, reserved 1138688K
  class space    used 13987K, committed 14400K, reserved 1048576K
}
Event: 20.633 GC heap before
{Heap before GC invocations=39 (full 0):
 garbage-first heap   total 192512K, used 150134K [0x0000000700000000, 0x0000000800000000)
  region size 2048K, 24 young (49152K), 4 survivors (8192K)
 Metaspace       used 102690K, committed 103552K, reserved 1138688K
  class space    used 14084K, committed 14464K, reserved 1048576K
}
Event: 20.644 GC heap after
{Heap after GC invocations=40 (full 0):
 garbage-first heap   total 192512K, used 113697K [0x0000000700000000, 0x0000000800000000)
  region size 2048K, 2 young (4096K), 2 survivors (4096K)
 Metaspace       used 102690K, committed 103552K, reserved 1138688K
  class space    used 14084K, committed 14464K, reserved 1048576K
}
Event: 93.043 GC heap before
{Heap before GC invocations=41 (full 0):
 garbage-first heap   total 204800K, used 152609K [0x0000000700000000, 0x0000000800000000)
  region size 2048K, 22 young (45056K), 2 survivors (4096K)
 Metaspace       used 106924K, committed 107840K, reserved 1146880K
  class space    used 14460K, committed 14848K, reserved 1048576K
}
Event: 93.049 GC heap after
{Heap after GC invocations=42 (full 0):
 garbage-first heap   total 204800K, used 115587K [0x0000000700000000, 0x0000000800000000)
  region size 2048K, 3 young (6144K), 3 survivors (6144K)
 Metaspace       used 106924K, committed 107840K, reserved 1146880K
  class space    used 14460K, committed 14848K, reserved 1048576K
}
Event: 94.171 GC heap before
{Heap before GC invocations=42 (full 0):
 garbage-first heap   total 204800K, used 164739K [0x0000000700000000, 0x0000000800000000)
  region size 2048K, 27 young (55296K), 3 survivors (6144K)
 Metaspace       used 107508K, committed 108480K, reserved 1146880K
  class space    used 14479K, committed 14912K, reserved 1048576K
}
Event: 94.199 GC heap after
{Heap after GC invocations=43 (full 0):
 garbage-first heap   total 204800K, used 122129K [0x0000000700000000, 0x0000000800000000)
  region size 2048K, 4 young (8192K), 4 survivors (8192K)
 Metaspace       used 107508K, committed 108480K, reserved 1146880K
  class space    used 14479K, committed 14912K, reserved 1048576K
}

Dll operation events (2 events):
Event: 0.009 Loaded shared library C:\Program Files\Android\Android Studio\jbr\bin\java.dll
Event: 0.449 Loaded shared library C:\Program Files\Android\Android Studio\jbr\bin\verify.dll

Deoptimization events (20 events):
Event: 94.657 Thread 0x000002f25fb65910 DEOPT PACKING pc=0x000002f23ec50c62 sp=0x000000fd9ccf8dc0
Event: 94.657 Thread 0x000002f25fb65910 DEOPT UNPACKING pc=0x000002f244c97143 sp=0x000000fd9ccf8260 mode 0
Event: 94.657 Thread 0x000002f25fb65910 DEOPT PACKING pc=0x000002f23ec50c62 sp=0x000000fd9ccf8dc0
Event: 94.657 Thread 0x000002f25fb65910 DEOPT UNPACKING pc=0x000002f244c97143 sp=0x000000fd9ccf8260 mode 0
Event: 94.781 Thread 0x000002f25fb65910 Uncommon trap: trap_request=0xffffffd6 fr.pc=0x000002f24588736c relative=0x00000000000003cc
Event: 94.781 Thread 0x000002f25fb65910 Uncommon trap: reason=array_check action=maybe_recompile pc=0x000002f24588736c method=java.util.LinkedHashMap.keysToArray([Ljava/lang/Object;)[Ljava/lang/Object; @ 25 c2
Event: 94.781 Thread 0x000002f25fb65910 DEOPT PACKING pc=0x000002f24588736c sp=0x000000fd9ccf9600
Event: 94.781 Thread 0x000002f25fb65910 DEOPT UNPACKING pc=0x000002f244c969a3 sp=0x000000fd9ccf95a8 mode 2
Event: 94.811 Thread 0x000002f25fb65910 Uncommon trap: trap_request=0xffffffd6 fr.pc=0x000002f2458a21a8 relative=0x0000000000000a88
Event: 94.811 Thread 0x000002f25fb65910 Uncommon trap: reason=array_check action=maybe_recompile pc=0x000002f2458a21a8 method=com.google.common.collect.RegularImmutableMap.fromEntryArray(I[Ljava/util/Map$Entry;)Lcom/google/common/collect/ImmutableMap; @ 157 c2
Event: 94.811 Thread 0x000002f25fb65910 DEOPT PACKING pc=0x000002f2458a21a8 sp=0x000000fd9ccf88c0
Event: 94.811 Thread 0x000002f25fb65910 DEOPT UNPACKING pc=0x000002f244c969a3 sp=0x000000fd9ccf8860 mode 2
Event: 94.834 Thread 0x000002f25fb65910 DEOPT PACKING pc=0x000002f23dedb75e sp=0x000000fd9ccf8550
Event: 94.834 Thread 0x000002f25fb65910 DEOPT UNPACKING pc=0x000002f244c97143 sp=0x000000fd9ccf7a50 mode 0
Event: 94.841 Thread 0x000002f25fb65910 DEOPT PACKING pc=0x000002f23d8f9178 sp=0x000000fd9ccf86b0
Event: 94.841 Thread 0x000002f25fb65910 DEOPT UNPACKING pc=0x000002f244c97143 sp=0x000000fd9ccf7b70 mode 0
Event: 94.864 Thread 0x000002f25fb62420 Uncommon trap: trap_request=0xffffffd6 fr.pc=0x000002f2458a21a8 relative=0x0000000000000a88
Event: 94.864 Thread 0x000002f25fb62420 Uncommon trap: reason=array_check action=maybe_recompile pc=0x000002f2458a21a8 method=com.google.common.collect.RegularImmutableMap.fromEntryArray(I[Ljava/util/Map$Entry;)Lcom/google/common/collect/ImmutableMap; @ 157 c2
Event: 94.864 Thread 0x000002f25fb62420 DEOPT PACKING pc=0x000002f2458a21a8 sp=0x000000fd9f0fd4d0
Event: 94.864 Thread 0x000002f25fb62420 DEOPT UNPACKING pc=0x000002f244c969a3 sp=0x000000fd9f0fd470 mode 2

Classes unloaded (0 events):
No events

Classes redefined (0 events):
No events

Internal exceptions (20 events):
Event: 21.103 Thread 0x000002f25bfa2850 Exception <a 'java/lang/NoSuchMethodError'{0x000000070b9526a8}: static Lorg/gradle/tooling/internal/provider/serialization/ClassLoaderDetails;.<clinit>()V> (0x000000070b9526a8) 
thrown [s\src\hotspot\share\prims\jni.cpp, line 1108]
Event: 21.106 Thread 0x000002f25bfa2850 Exception <a 'java/lang/NoSuchMethodError'{0x000000070b009568}: static Lorg/gradle/tooling/internal/provider/serialization/WellKnownClassLoaderRegistry$KnownClassLoaderSpec;.<clinit>()V> (0x000000070b009568) 
thrown [s\src\hotspot\share\prims\jni.cpp, line 1108]
Event: 21.107 Thread 0x000002f25bfa2850 Exception <a 'java/lang/NoSuchMethodError'{0x000000070b00abe0}: static Lorg/gradle/internal/classloader/ClassLoaderSpec;.<clinit>()V> (0x000000070b00abe0) 
thrown [s\src\hotspot\share\prims\jni.cpp, line 1108]
Event: 21.111 Thread 0x000002f25bfa2850 Exception <a 'java/lang/NoSuchMethodError'{0x000000070b01c850}: static Lorg/gradle/internal/classloader/ClassLoaderSpec;.<clinit>()V> (0x000000070b01c850) 
thrown [s\src\hotspot\share\prims\jni.cpp, line 1108]
Event: 21.112 Thread 0x000002f25bfa2850 Exception <a 'java/lang/NoSuchMethodError'{0x000000070b02a8b8}: static Lorg/gradle/internal/classloader/VisitableURLClassLoader$Spec;.<clinit>()V> (0x000000070b02a8b8) 
thrown [s\src\hotspot\share\prims\jni.cpp, line 1108]
Event: 92.864 Thread 0x000002f25fb65910 Implicit null exception at 0x000002f245823d50 to 0x000002f2458297e4
Event: 93.666 Thread 0x000002f25fb65910 Exception <a 'sun/nio/fs/WindowsException'{0x000000070adff2a0}> (0x000000070adff2a0) 
thrown [s\src\hotspot\share\prims\jni.cpp, line 517]
Event: 93.685 Thread 0x000002f25fb65910 Implicit null exception at 0x000002f24530e860 to 0x000002f24530e918
Event: 93.915 Thread 0x000002f25fb65910 Exception <a 'java/lang/NoClassDefFoundError'{0x000000070a350e68}: org/jetbrains/kotlin/gradle/plugin/KotlinBasePluginWrapper> (0x000000070a350e68) 
thrown [s\src\hotspot\share\oops\constantPool.cpp, line 835]
Event: 94.102 Thread 0x000002f25fb65910 Exception <a 'java/lang/NoClassDefFoundError'{0x00000007090f6240}: org/jetbrains/kotlin/gradle/plugin/KotlinBasePluginWrapper> (0x00000007090f6240) 
thrown [s\src\hotspot\share\oops\constantPool.cpp, line 835]
Event: 94.362 Thread 0x000002f25fb65910 Exception <a 'java/lang/NoClassDefFoundError'{0x000000070bb50430}: org/jetbrains/kotlin/gradle/plugin/KotlinBasePluginWrapper> (0x000000070bb50430) 
thrown [s\src\hotspot\share\oops\constantPool.cpp, line 835]
Event: 94.434 Thread 0x000002f25fb65910 Exception <a 'sun/nio/fs/WindowsException'{0x000000070d5bda98}> (0x000000070d5bda98) 
thrown [s\src\hotspot\share\prims\jni.cpp, line 517]
Event: 94.446 Thread 0x000002f25fb65910 Exception <a 'sun/nio/fs/WindowsException'{0x000000070d25bdd0}> (0x000000070d25bdd0) 
thrown [s\src\hotspot\share\prims\jni.cpp, line 517]
Event: 94.446 Thread 0x000002f25fb65910 Exception <a 'sun/nio/fs/WindowsException'{0x000000070d25d148}> (0x000000070d25d148) 
thrown [s\src\hotspot\share\prims\jni.cpp, line 517]
Event: 94.446 Thread 0x000002f25fb65910 Exception <a 'sun/nio/fs/WindowsException'{0x000000070d25e510}> (0x000000070d25e510) 
thrown [s\src\hotspot\share\prims\jni.cpp, line 517]
Event: 94.446 Thread 0x000002f25fb65910 Exception <a 'sun/nio/fs/WindowsException'{0x000000070d25f8d8}> (0x000000070d25f8d8) 
thrown [s\src\hotspot\share\prims\jni.cpp, line 517]
Event: 94.852 Thread 0x000002f25fb65910 Exception <a 'sun/nio/fs/WindowsException'{0x000000070b1468d8}> (0x000000070b1468d8) 
thrown [s\src\hotspot\share\prims\jni.cpp, line 517]
Event: 94.877 Thread 0x000002f25fb5f400 Exception <a 'java/lang/OutOfMemoryError'{0x000000070c0aca00}: unable to create native thread: possibly out of memory or process/resource limits reached> (0x000000070c0aca00) 
thrown [s\src\hotspot\share\prims\jvm.cpp, line 2926]
Event: 94.877 Thread 0x000002f25fb5f400 Exception <a 'java/lang/reflect/InvocationTargetException'{0x000000070c0acf78}> (0x000000070c0acf78) 
thrown [s\src\hotspot\share\runtime\reflection.cpp, line 1127]
Event: 94.882 Thread 0x000002f25c6a1d70 Exception <a 'sun/nio/fs/WindowsException'{0x000000070b1ccba0}> (0x000000070b1ccba0) 
thrown [s\src\hotspot\share\prims\jni.cpp, line 517]

VM Operations (20 events):
Event: 92.017 Executing VM operation: Cleanup
Event: 92.017 Executing VM operation: Cleanup done
Event: 92.892 Executing VM operation: HandshakeAllThreads
Event: 92.893 Executing VM operation: HandshakeAllThreads done
Event: 92.985 Executing VM operation: ICBufferFull
Event: 92.985 Executing VM operation: ICBufferFull done
Event: 93.043 Executing VM operation: G1CollectForAllocation
Event: 93.049 Executing VM operation: G1CollectForAllocation done
Event: 93.613 Executing VM operation: ICBufferFull
Event: 93.614 Executing VM operation: ICBufferFull done
Event: 93.916 Executing VM operation: ICBufferFull
Event: 93.917 Executing VM operation: ICBufferFull done
Event: 94.171 Executing VM operation: G1CollectForAllocation
Event: 94.199 Executing VM operation: G1CollectForAllocation done
Event: 94.352 Executing VM operation: G1Concurrent
Event: 94.359 Executing VM operation: G1Concurrent done
Event: 94.414 Executing VM operation: G1Concurrent
Event: 94.433 Executing VM operation: G1Concurrent done
Event: 94.786 Executing VM operation: ICBufferFull
Event: 94.786 Executing VM operation: ICBufferFull done

Events (20 events):
Event: 93.304 Thread 0x000002f26160d6f0 Thread added: 0x000002f26160d6f0
Event: 93.304 Thread 0x000002f26160e090 Thread added: 0x000002f26160e090
Event: 93.304 Thread 0x000002f26160ef00 Thread added: 0x000002f26160ef00
Event: 93.304 Thread 0x000002f26160fd70 Thread added: 0x000002f26160fd70
Event: 93.304 Thread 0x000002f25c6a0560 Thread added: 0x000002f25c6a0560
Event: 93.304 Thread 0x000002f25c6a2710 Thread added: 0x000002f25c6a2710
Event: 93.304 Thread 0x000002f25c69e880 Thread added: 0x000002f25c69e880
Event: 93.304 Thread 0x000002f25c6a13d0 Thread added: 0x000002f25c6a13d0
Event: 93.304 Thread 0x000002f25c6a0a30 Thread added: 0x000002f25c6a0a30
Event: 93.305 Thread 0x000002f25c69e3b0 Thread added: 0x000002f25c69e3b0
Event: 93.305 Thread 0x000002f25c69cba0 Thread added: 0x000002f25c69cba0
Event: 93.305 Thread 0x000002f25c69bd30 Thread added: 0x000002f25c69bd30
Event: 93.305 Thread 0x000002f25c6a18a0 Thread added: 0x000002f25c6a18a0
Event: 93.305 Thread 0x000002f25c6a0090 Thread added: 0x000002f25c6a0090
Event: 93.305 Thread 0x000002f25c69da10 Thread added: 0x000002f25c69da10
Event: 93.585 Thread 0x000002f25c6a0f00 Thread added: 0x000002f25c6a0f00
Event: 94.858 Thread 0x000002f25c69c6d0 Thread added: 0x000002f25c69c6d0
Event: 94.860 Thread 0x000002f25c69d070 Thread added: 0x000002f25c69d070
Event: 94.880 Thread 0x000002f25c69d070 Thread exited: 0x000002f25c69d070
Event: 94.881 Thread 0x000002f25c6a1d70 Thread added: 0x000002f25c6a1d70


Dynamic libraries:
0x00007ff6940f0000 - 0x00007ff6940fa000 	C:\Program Files\Android\Android Studio\jbr\bin\java.exe
0x00007ffab0cf0000 - 0x00007ffab0ee8000 	C:\Windows\SYSTEM32\ntdll.dll
0x00007ffaafae0000 - 0x00007ffaafb9d000 	C:\Windows\System32\KERNEL32.DLL
0x00007ffaae4b0000 - 0x00007ffaae7a6000 	C:\Windows\System32\KERNELBASE.dll
0x00007ffaae7b0000 - 0x00007ffaae8b0000 	C:\Windows\System32\ucrtbase.dll
0x00007ffa94a30000 - 0x00007ffa94a4b000 	C:\Program Files\Android\Android Studio\jbr\bin\VCRUNTIME140.dll
0x00007ffa98590000 - 0x00007ffa985a7000 	C:\Program Files\Android\Android Studio\jbr\bin\jli.dll
0x00007ffab03b0000 - 0x00007ffab054e000 	C:\Windows\System32\USER32.dll
0x00007ffaaecb0000 - 0x00007ffaaecd2000 	C:\Windows\System32\win32u.dll
0x00007ffaaff50000 - 0x00007ffaaff7c000 	C:\Windows\System32\GDI32.dll
0x00007ffa97520000 - 0x00007ffa977ba000 	C:\Windows\WinSxS\amd64_microsoft.windows.common-controls_6595b64144ccf1df_6.0.19041.3636_none_60b6a03d71f818d5\COMCTL32.dll
0x00007ffaae900000 - 0x00007ffaaea1a000 	C:\Windows\System32\gdi32full.dll
0x00007ffab0a60000 - 0x00007ffab0afe000 	C:\Windows\System32\msvcrt.dll
0x00007ffaaea20000 - 0x00007ffaaeabd000 	C:\Windows\System32\msvcp_win.dll
0x00007ffab0550000 - 0x00007ffab0580000 	C:\Windows\System32\IMM32.DLL
0x000000006bd50000 - 0x000000006bd5c000 	C:\Program Files (x86)\360\Total Security\safemon\SafeWrapper.dll
0x00007ffaafc50000 - 0x00007ffaafcff000 	C:\Windows\System32\ADVAPI32.dll
0x00007ffaafba0000 - 0x00007ffaafc3c000 	C:\Windows\System32\sechost.dll
0x00007ffaaf750000 - 0x00007ffaaf876000 	C:\Windows\System32\RPCRT4.dll
0x00007ffa78e20000 - 0x00007ffa78eb2000 	C:\Program Files (x86)\360\Total Security\safemon\libzdtp64.dll
0x00007ffaaf000000 - 0x00007ffaaf745000 	C:\Windows\System32\SHELL32.dll
0x00007ffaafa80000 - 0x00007ffaafad5000 	C:\Windows\System32\SHLWAPI.dll
0x00007ffaadf40000 - 0x00007ffaadf4a000 	C:\Windows\SYSTEM32\VERSION.dll
0x00007ffaa93c0000 - 0x00007ffaa93cc000 	C:\Program Files\Android\Android Studio\jbr\bin\vcruntime140_1.dll
0x00007ffa78d90000 - 0x00007ffa78e1d000 	C:\Program Files\Android\Android Studio\jbr\bin\msvcp140.dll
0x00007ffa4bdd0000 - 0x00007ffa4ca3e000 	C:\Program Files\Android\Android Studio\jbr\bin\server\jvm.dll
0x00007ffaa8300000 - 0x00007ffaa8309000 	C:\Windows\SYSTEM32\WSOCK32.dll
0x00007ffa9ac80000 - 0x00007ffa9aca7000 	C:\Windows\SYSTEM32\WINMM.dll
0x00007ffaaffe0000 - 0x00007ffab004b000 	C:\Windows\System32\WS2_32.dll
0x00007ffaac220000 - 0x00007ffaac232000 	C:\Windows\SYSTEM32\kernel.appcore.dll
0x00007ffaa8250000 - 0x00007ffaa825a000 	C:\Program Files\Android\Android Studio\jbr\bin\jimage.dll
0x00007ffa9cd30000 - 0x00007ffa9cf14000 	C:\Windows\SYSTEM32\DBGHELP.DLL
0x00007ffa9ab90000 - 0x00007ffa9abc4000 	C:\Windows\SYSTEM32\dbgcore.DLL
0x00007ffaaeac0000 - 0x00007ffaaeb42000 	C:\Windows\System32\bcryptPrimitives.dll
0x00007ffa866f0000 - 0x00007ffa86715000 	C:\Program Files\Android\Android Studio\jbr\bin\java.dll
0x00007ffa94270000 - 0x00007ffa94288000 	C:\Program Files\Android\Android Studio\jbr\bin\zip.dll
0x00007ffaac420000 - 0x00007ffaacbbb000 	C:\Windows\SYSTEM32\windows.storage.dll
0x00007ffab0050000 - 0x00007ffab03a4000 	C:\Windows\System32\combase.dll
0x00007ffaadda0000 - 0x00007ffaaddcd000 	C:\Windows\SYSTEM32\Wldp.dll
0x00007ffaaee30000 - 0x00007ffaaeedd000 	C:\Windows\System32\SHCORE.dll
0x00007ffaae300000 - 0x00007ffaae325000 	C:\Windows\SYSTEM32\profapi.dll
0x00007ffa8a140000 - 0x00007ffa8a159000 	C:\Program Files\Android\Android Studio\jbr\bin\net.dll
0x00007ffaa6850000 - 0x00007ffaa695a000 	C:\Windows\SYSTEM32\WINHTTP.dll
0x00007ffaadb00000 - 0x00007ffaadb6a000 	C:\Windows\system32\mswsock.dll
0x00007ffa87d10000 - 0x00007ffa87d26000 	C:\Program Files\Android\Android Studio\jbr\bin\nio.dll
0x00007ffaa50c0000 - 0x00007ffaa50d0000 	C:\Program Files\Android\Android Studio\jbr\bin\verify.dll
0x00007ffa83780000 - 0x00007ffa837a7000 	C:\Users\User\.gradle\native\e1d6ef7f7dcc3fd88c89a11ec53ec762bb8ba0a96d01ffa2cd45eb1d1d8dd5c5\windows-amd64\native-platform.dll
0x00007ffa73660000 - 0x00007ffa737a4000 	C:\Users\User\.gradle\native\0d407fdbe67a94daf76414ababcb853783967236a71b16ec16e742cd7a986fd3\windows-amd64\native-platform-file-events.dll
0x00007ffaa2fd0000 - 0x00007ffaa2fd9000 	C:\Program Files\Android\Android Studio\jbr\bin\management.dll
0x00007ffaa2a70000 - 0x00007ffaa2a7b000 	C:\Program Files\Android\Android Studio\jbr\bin\management_ext.dll
0x00007ffab0a50000 - 0x00007ffab0a58000 	C:\Windows\System32\PSAPI.DLL
0x00007ffaadd00000 - 0x00007ffaadd18000 	C:\Windows\SYSTEM32\CRYPTSP.dll
0x00007ffaad3c0000 - 0x00007ffaad3f4000 	C:\Windows\system32\rsaenh.dll
0x00007ffaae480000 - 0x00007ffaae4a7000 	C:\Windows\System32\bcrypt.dll
0x00007ffaae2c0000 - 0x00007ffaae2ee000 	C:\Windows\SYSTEM32\USERENV.dll
0x00007ffaadcf0000 - 0x00007ffaadcfc000 	C:\Windows\SYSTEM32\CRYPTBASE.dll
0x00007ffaad7a0000 - 0x00007ffaad7db000 	C:\Windows\SYSTEM32\IPHLPAPI.DLL
0x00007ffaafc40000 - 0x00007ffaafc48000 	C:\Windows\System32\NSI.dll
0x00007ffaa7210000 - 0x00007ffaa7227000 	C:\Windows\SYSTEM32\dhcpcsvc6.DLL
0x00007ffaa76b0000 - 0x00007ffaa76cd000 	C:\Windows\SYSTEM32\dhcpcsvc.DLL
0x00007ffaad7f0000 - 0x00007ffaad8ba000 	C:\Windows\SYSTEM32\DNSAPI.dll
0x00007ffa98580000 - 0x00007ffa98587000 	C:\Windows\system32\wshunix.dll

dbghelp: loaded successfully - version: 4.0.5 - missing functions: none
symbol engine: initialized successfully - sym options: 0x614 - pdb path: .;C:\Program Files\Android\Android Studio\jbr\bin;C:\Windows\SYSTEM32;C:\Windows\WinSxS\amd64_microsoft.windows.common-controls_6595b64144ccf1df_6.0.19041.3636_none_60b6a03d71f818d5;C:\Program Files (x86)\360\Total Security\safemon;C:\Program Files\Android\Android Studio\jbr\bin\server;C:\Users\User\.gradle\native\e1d6ef7f7dcc3fd88c89a11ec53ec762bb8ba0a96d01ffa2cd45eb1d1d8dd5c5\windows-amd64;C:\Users\User\.gradle\native\0d407fdbe67a94daf76414ababcb853783967236a71b16ec16e742cd7a986fd3\windows-amd64

VM Arguments:
jvm_args: --add-opens=java.base/java.util=ALL-UNNAMED --add-opens=java.base/java.lang=ALL-UNNAMED --add-opens=java.base/java.lang.invoke=ALL-UNNAMED --add-opens=java.base/java.util=ALL-UNNAMED --add-opens=java.prefs/java.util.prefs=ALL-UNNAMED --add-opens=java.prefs/java.util.prefs=ALL-UNNAMED --add-opens=java.base/java.nio.charset=ALL-UNNAMED --add-opens=java.base/java.net=ALL-UNNAMED --add-opens=java.base/java.util.concurrent.atomic=ALL-UNNAMED -Xmx4G -Dfile.encoding=windows-1252 -Duser.country=US -Duser.language=en -Duser.variant 
java_command: org.gradle.launcher.daemon.bootstrap.GradleDaemon 7.5
java_class_path (initial): C:\Users\User\.gradle\wrapper\dists\gradle-7.5-all\6qsw290k5lz422uaf8jf6m7co\gradle-7.5\lib\gradle-launcher-7.5.jar
Launcher Type: SUN_STANDARD

[Global flags]
     intx CICompilerCount                          = 4                                         {product} {ergonomic}
     uint ConcGCThreads                            = 2                                         {product} {ergonomic}
     uint G1ConcRefinementThreads                  = 8                                         {product} {ergonomic}
   size_t G1HeapRegionSize                         = 2097152                                   {product} {ergonomic}
    uintx GCDrainStackTargetSize                   = 64                                        {product} {ergonomic}
   size_t InitialHeapSize                          = 134217728                                 {product} {ergonomic}
   size_t MarkStackSize                            = 4194304                                   {product} {ergonomic}
   size_t MaxHeapSize                              = 4294967296                                {product} {command line}
   size_t MaxNewSize                               = 2575302656                                {product} {ergonomic}
   size_t MinHeapDeltaBytes                        = 2097152                                   {product} {ergonomic}
   size_t MinHeapSize                              = 8388608                                   {product} {ergonomic}
    uintx NonNMethodCodeHeapSize                   = 5839372                                {pd product} {ergonomic}
    uintx NonProfiledCodeHeapSize                  = 122909434                              {pd product} {ergonomic}
    uintx ProfiledCodeHeapSize                     = 122909434                              {pd product} {ergonomic}
    uintx ReservedCodeCacheSize                    = 251658240                              {pd product} {ergonomic}
     bool SegmentedCodeCache                       = true                                      {product} {ergonomic}
   size_t SoftMaxHeapSize                          = 4294967296                             {manageable} {ergonomic}
     bool UseCompressedClassPointers               = true                           {product lp64_product} {ergonomic}
     bool UseCompressedOops                        = true                           {product lp64_product} {ergonomic}
     bool UseG1GC                                  = true                                      {product} {ergonomic}
     bool UseLargePagesIndividualAllocation        = false                                  {pd product} {ergonomic}

Logging:
Log output configuration:
 #0: stdout all=warning uptime,level,tags
 #1: stderr all=off uptime,level,tags

Environment Variables:
JAVA_HOME=C:\Program Files\Android\Android Studio\jbr
CLASSPATH=E:\ss\flutter\zflutter project\slash_product\android\\gradle\wrapper\gradle-wrapper.jar
PATH=C:\Program Files\Android\Android Studio\jbr\bin;C:\Program Files\Common Files\Oracle\Java\javapath;C:\Program Files (x86)\Common Files\Oracle\Java\javapath;C:\Windows\system32;C:\Windows;C:\Windows\System32\Wbem;C:\Windows\System32\WindowsPowerShell\v1.0\;C:\Windows\System32\OpenSSH\;"C:\src\flutter\bin;";"C:\Program Files\Dart\dart-sdk\bin;";C:\Program Files\Git\cmd;C:\Users\User\anaconda3\Lib\venv\scripts\nt;C:\Users\User\AppData\Local\Programs\Python\Python311;C:\Program Files\nodejs\;?D:\ngrok.exe;C:\Users\User\AppData\Local\Pub\Cache\bin;C:\Users\User\AppData\Local\Microsoft\WindowsApps;"C:\Program Files\Dart\dart-sdk\bin;";"C:\src\flutter\bin;";C:\Users\User\AppData\Local\Programs\Microsoft VS Code\bin;C:\Users\User\AppData\Local\Programs\Python\Python311;C:\src\flutter\bin;C:\Users\User\AppData\Roaming\npm;C:\Users\User\AppData\Local\GitHubDesktop\bin;?D:\ngrok.exe;C:\Users\User\AppData\Local\Pub\Cache\bin;;C:\src\flutter\bin\mingit\cmd;C:\src\flutter\bin\mingit\cmd
USERNAME=User
OS=Windows_NT
PROCESSOR_IDENTIFIER=Intel64 Family 6 Model 142 Stepping 12, GenuineIntel
TMP=C:\Users\User\AppData\Local\Temp
TEMP=C:\Users\User\AppData\Local\Temp


JNI global refs:
JNI global refs: 27, weak refs: 17

JNI global refs memory usage: 843, weak refs: 841


---------------  S Y S T E M  ---------------

OS:
 Windows 10 , 64 bit Build 19041 (10.0.19041.3636)
OS uptime: 0 days 17:10 hours

CPU: total 8 (initial active 8) (4 cores per cpu, 2 threads per core) family 6 model 142 stepping 12 microcode 0xb8, cx8, cmov, fxsr, ht, mmx, 3dnowpref, sse, sse2, sse3, ssse3, sse4.1, sse4.2, popcnt, lzcnt, tsc, tscinvbit, avx, avx2, aes, erms, clmul, bmi1, bmi2, adx, fma, vzeroupper, clflush, clflushopt

Memory: 4k page, system-wide physical 8068M (439M free)
TotalPageFile size 18067M (AvailPageFile size 78M)
current process WorkingSet (physical memory assigned to process): 401M, peak: 436M
current process commit charge ("private bytes"): 539M, peak: 541M

vm_info: OpenJDK 64-Bit Server VM (17.0.6+0-b2043.56-10027231) for windows-amd64 JRE (17.0.6+0-b2043.56-10027231), built on Apr 28 2023 00:43:19 by "androidbuild" with MS VC++ 16.10 / 16.11 (VS2019)

END.
